<?xml version="1.0" encoding="UTF-8"?>
<!-- Generated by org.testng.reporters.JUnitXMLReporter -->
<testsuite ignored="2" hostname="ADMIN" failures="0" tests="1" name="Default test" time="18.714" errors="0" timestamp="2022-09-18T23:02:36 IST">
  <testcase classname="com.qa.FacebookLoginValidation.LoginPageValidation" name="loginWithWrongUsernameAndCorrectPassword" time="8.558"/>
  <testcase classname="com.qa.FacebookLoginValidation.LoginPageValidation" name="loginWithCorrectUsernameAndWrongPassword" time="0.0">
    <ignored/>
  </testcase> <!-- loginWithCorrectUsernameAndWrongPassword -->
  <testcase classname="com.qa.FacebookLoginValidation.LoginPageValidation" name="loginWithoutUsernameAndPassword" time="0.0">
    <ignored/>
  </testcase> <!-- loginWithoutUsernameAndPassword -->
</testsuite> <!-- Default test -->
