<?xml version="1.0" encoding="UTF-8"?>
<testng-results ignored="2" total="3" passed="1" failed="0" skipped="0">
  <reporter-output>
  </reporter-output>
  <suite started-at="2022-09-18T23:02:18 IST" name="Default suite" finished-at="2022-09-18T23:02:36 IST" duration-ms="18714">
    <groups>
    </groups>
    <test started-at="2022-09-18T23:02:18 IST" name="Default test" finished-at="2022-09-18T23:02:36 IST" duration-ms="18714">
      <class name="com.qa.FacebookLoginValidation.LoginPageValidation">
        <test-method is-config="true" signature="setUp()[pri:0, instance:com.qa.FacebookLoginValidation.LoginPageValidation@156b88f5]" started-at="2022-09-18T23:02:18 IST" name="setUp" finished-at="2022-09-18T23:02:28 IST" duration-ms="9974" status="PASS">
          <reporter-output>
          </reporter-output>
        </test-method> <!-- setUp -->
        <test-method signature="loginWithWrongUsernameAndCorrectPassword()[pri:0, instance:com.qa.FacebookLoginValidation.LoginPageValidation@156b88f5]" started-at="2022-09-18T23:02:28 IST" name="loginWithWrongUsernameAndCorrectPassword" finished-at="2022-09-18T23:02:36 IST" duration-ms="8558" status="PASS">
          <reporter-output>
          </reporter-output>
        </test-method> <!-- loginWithWrongUsernameAndCorrectPassword -->
      </class> <!-- com.qa.FacebookLoginValidation.LoginPageValidation -->
    </test> <!-- Default test -->
  </suite> <!-- Default suite -->
</testng-results>
